<?xml version="1.0" encoding="UTF-8"?>
<!-- Generated by org.testng.reporters.JUnitXMLReporter -->
<testsuite ignored="0" hostname="cdc2-l-128fwwn" failures="0" tests="5" name="E2ETestcase" time="128.675" errors="0" timestamp="2024-08-21T15:39:47 IST">
  <testcase classname="SeleniumFramework.Ecommerce.E2Eecommerce2Optimised" name="submitOrderTest" time="24.404">
    <skipped/>
  </testcase> <!-- submitOrderTest -->
  <testcase classname="SeleniumFramework.Ecommerce.E2Eecommerce2Optimised" name="submitOrderTest" time="12.632">
    <skipped/>
  </testcase> <!-- submitOrderTest -->
  <testcase classname="SeleniumFramework.Ecommerce.E2Eecommerce2Optimised" name="submitOrderTest" time="22.165"/>
  <testcase classname="SeleniumFramework.Ecommerce.E2Eecommerce2Optimised" name="submitOrderTest" time="22.519"/>
  <testcase classname="SeleniumFramework.Ecommerce.E2Eecommerce2Optimised" name="verifyOrdersPage" time="0.724"/>
</testsuite> <!-- E2ETestcase -->
