<?xml version="1.0" encoding="UTF-8"?>
<!-- Generated by org.testng.reporters.JUnitXMLReporter -->
<testsuite ignored="2" hostname="cdc2-l-128fwwn" failures="0" tests="0" time="0.022" errors="0" timestamp="2024-08-21T17:23:14 IST">
  <testcase classname="SeleniumFramework.Ecommerce.ErrorValidations" name="LoginErrorValidations" time="0.0">
    <ignored/>
  </testcase> <!-- LoginErrorValidations -->
  <testcase classname="SeleniumFramework.Ecommerce.ErrorValidations" name="ProductErrorValidation" time="0.0">
    <ignored/>
  </testcase> <!-- ProductErrorValidation -->
</testsuite>
