<?xml version="1.0" encoding="UTF-8"?>
<testng-results ignored="0" total="1" passed="1" failed="0" skipped="0">
  <reporter-output>
  </reporter-output>
  <suite started-at="2024-09-05T15:40:47 IST" name="Surefire suite" finished-at="2024-09-05T15:41:07 IST" duration-ms="20120">
    <groups>
      <group name="cucumber">
        <method signature="AbstractTestNGCucumberTests.runScenario(io.cucumber.testng.PickleWrapper,io.cucumber.testng.FeatureWrapper)[pri:0, instance:cbdd.TestNGTestrunner@c267ef4]" name="runScenario" class="io.cucumber.testng.AbstractTestNGCucumberTests"/>
      </group> <!-- cucumber -->
    </groups>
    <test started-at="2024-09-05T15:40:47 IST" name="Surefire test" finished-at="2024-09-05T15:41:07 IST" duration-ms="20120">
      <class name="cbdd.TestNGTestrunner">
        <test-method is-config="true" signature="setUpClass(org.testng.ITestContext)[pri:0, instance:cbdd.TestNGTestrunner@c267ef4]" started-at="2024-09-05T15:40:47 IST" name="setUpClass" finished-at="2024-09-05T15:40:48 IST" duration-ms="1247" status="PASS">
          <params>
            <param index="0">
              <value>
                <![CDATA[org.testng.TestRunner@77134e08]]>
              </value>
            </param>
          </params>
          <reporter-output>
          </reporter-output>
        </test-method> <!-- setUpClass -->
        <test-method signature="runScenario(io.cucumber.testng.PickleWrapper,io.cucumber.testng.FeatureWrapper)[pri:0, instance:cbdd.TestNGTestrunner@c267ef4]" started-at="2024-09-05T15:40:48 IST" name="runScenario" description="Runs Cucumber Scenarios" data-provider="scenarios" finished-at="2024-09-05T15:41:07 IST" duration-ms="18697" status="PASS">
          <params>
            <param index="0">
              <value>
                <![CDATA["Checking the error vaalidation negative testcase"]]>
              </value>
            </param>
            <param index="1">
              <value>
                <![CDATA["Purchase order in ecommerce"]]>
              </value>
            </param>
          </params>
          <reporter-output>
          </reporter-output>
        </test-method> <!-- runScenario -->
        <test-method is-config="true" signature="tearDownClass()[pri:0, instance:cbdd.TestNGTestrunner@c267ef4]" started-at="2024-09-05T15:41:07 IST" name="tearDownClass" finished-at="2024-09-05T15:41:07 IST" duration-ms="65" status="PASS">
          <reporter-output>
          </reporter-output>
        </test-method> <!-- tearDownClass -->
      </class> <!-- cbdd.TestNGTestrunner -->
    </test> <!-- Surefire test -->
  </suite> <!-- Surefire suite -->
</testng-results>
