<?xml version="1.0" encoding="UTF-8"?>
<testng-results ignored="0" total="1" passed="1" failed="0" skipped="0">
  <reporter-output>
  </reporter-output>
  <suite started-at="2024-09-05T15:34:36 IST" name="Default suite" finished-at="2024-09-05T15:34:54 IST" duration-ms="18720">
    <groups>
      <group name="cucumber">
        <method signature="AbstractTestNGCucumberTests.runScenario(io.cucumber.testng.PickleWrapper,io.cucumber.testng.FeatureWrapper)[pri:0, instance:cbdd.TestNGTestrunner@24313fcc]" name="runScenario" class="io.cucumber.testng.AbstractTestNGCucumberTests"/>
      </group> <!-- cucumber -->
    </groups>
    <test started-at="2024-09-05T15:34:36 IST" name="Default test" finished-at="2024-09-05T15:34:54 IST" duration-ms="18720">
      <class name="cbdd.TestNGTestrunner">
        <test-method is-config="true" signature="setUpClass(org.testng.ITestContext)[pri:0, instance:cbdd.TestNGTestrunner@24313fcc]" started-at="2024-09-05T15:34:36 IST" name="setUpClass" finished-at="2024-09-05T15:34:37 IST" duration-ms="1532" status="PASS">
          <params>
            <param index="0">
              <value>
                <![CDATA[org.testng.TestRunner@6d469831]]>
              </value>
            </param>
          </params>
          <reporter-output>
          </reporter-output>
        </test-method> <!-- setUpClass -->
        <test-method signature="runScenario(io.cucumber.testng.PickleWrapper,io.cucumber.testng.FeatureWrapper)[pri:0, instance:cbdd.TestNGTestrunner@24313fcc]" started-at="2024-09-05T15:34:37 IST" name="runScenario" description="Runs Cucumber Scenarios" data-provider="scenarios" finished-at="2024-09-05T15:34:54 IST" duration-ms="16966" status="PASS">
          <params>
            <param index="0">
              <value>
                <![CDATA["Checking the error vaalidation negative testcase"]]>
              </value>
            </param>
            <param index="1">
              <value>
                <![CDATA["Purchase order in ecommerce"]]>
              </value>
            </param>
          </params>
          <reporter-output>
          </reporter-output>
        </test-method> <!-- runScenario -->
        <test-method is-config="true" signature="tearDownClass()[pri:0, instance:cbdd.TestNGTestrunner@24313fcc]" started-at="2024-09-05T15:34:54 IST" name="tearDownClass" finished-at="2024-09-05T15:34:54 IST" duration-ms="86" status="PASS">
          <reporter-output>
          </reporter-output>
        </test-method> <!-- tearDownClass -->
      </class> <!-- cbdd.TestNGTestrunner -->
    </test> <!-- Default test -->
  </suite> <!-- Default suite -->
</testng-results>
